 O volume na unidade C n∆o tem nome.
 O N£mero de SÇrie do Volume Ç 681E-D86D

 Pasta de C:\Users\Usuario\Dropbox\Fontes\ver157\ver157\vDESENV\z_plb\AS_READ

08/07/2024  17:07             4.833 as_read.plb
08/07/2024  17:07               582 as_read_head.plb
               2 arquivo(s)          5.415 bytes

 Pasta de C:\Users\Usuario\Dropbox\Fontes\ver157\ver157\vDESENV\z_plb\BRO

08/07/2024  17:07            62.323 bro.plb
08/07/2024  17:07             1.924 bro_head.plb
               2 arquivo(s)         64.247 bytes

 Pasta de C:\Users\Usuario\Dropbox\Fontes\ver157\ver157\vDESENV\z_plb\CFG

08/07/2024  17:07             6.922 cfg.plb
08/07/2024  17:07               645 cfg_head.plb
               2 arquivo(s)          7.567 bytes

 Pasta de C:\Users\Usuario\Dropbox\Fontes\ver157\ver157\vDESENV\z_plb\COM

08/07/2024  17:07            21.294 com.plb
08/07/2024  17:07               805 com_head.plb
               2 arquivo(s)         22.099 bytes

 Pasta de C:\Users\Usuario\Dropbox\Fontes\ver157\ver157\vDESENV\z_plb\CORE

08/07/2024  17:07            28.849 core.plb
08/07/2024  17:07             1.228 core_head.plb
               2 arquivo(s)         30.077 bytes

 Pasta de C:\Users\Usuario\Dropbox\Fontes\ver157\ver157\vDESENV\z_plb\CTB

05/06/2024  09:55            31.613 ctb.plb
05/06/2024  09:55             1.406 ctb_head.plb
               2 arquivo(s)         33.019 bytes

 Pasta de C:\Users\Usuario\Dropbox\Fontes\ver157\ver157\vDESENV\z_plb\ETF

08/07/2024  17:07            19.885 etf.plb
08/07/2024  17:07             1.550 etf_head.plb
               2 arquivo(s)         21.435 bytes

 Pasta de C:\Users\Usuario\Dropbox\Fontes\ver157\ver157\vDESENV\z_plb\ETL

08/07/2024  17:07            35.051 etl.plb
08/07/2024  17:07             1.362 etl_head.plb
               2 arquivo(s)         36.413 bytes

 Pasta de C:\Users\Usuario\Dropbox\Fontes\ver157\ver157\vDESENV\z_plb\FCL

08/07/2024  17:07           400.515 fcl.plb
08/07/2024  17:07            12.826 fcl_head.plb
               2 arquivo(s)        413.341 bytes

 Pasta de C:\Users\Usuario\Dropbox\Fontes\ver157\ver157\vDESENV\z_plb\FUN

08/07/2024  17:07            69.552 fun.plb
08/07/2024  17:07             4.869 fun_head.plb
               2 arquivo(s)         74.421 bytes

 Pasta de C:\Users\Usuario\Dropbox\Fontes\ver157\ver157\vDESENV\z_plb\GBL

08/07/2024  17:07             1.550 gbl.plb
08/07/2024  17:07               461 gbl_head.plb
               2 arquivo(s)          2.011 bytes

 Pasta de C:\Users\Usuario\Dropbox\Fontes\ver157\ver157\vDESENV\z_plb\IMP

08/07/2024  17:07            10.404 imp.plb
08/07/2024  17:07               699 imp_head.plb
               2 arquivo(s)         11.103 bytes

 Pasta de C:\Users\Usuario\Dropbox\Fontes\ver157\ver157\vDESENV\z_plb\JET

08/07/2024  09:25            10.688 jet.plb
08/07/2024  09:25               669 jet_head.plb
               2 arquivo(s)         11.357 bytes

 Pasta de C:\Users\Usuario\Dropbox\Fontes\ver157\ver157\vDESENV\z_plb\OBJ

08/07/2024  17:07           114.338 obj.plb
08/07/2024  17:07             2.076 obj_head.plb
               2 arquivo(s)        116.414 bytes

 Pasta de C:\Users\Usuario\Dropbox\Fontes\ver157\ver157\vDESENV\z_plb\OUTROS

21/03/2024  13:36               984 upquery_jet.plb
               1 arquivo(s)            984 bytes

 Pasta de C:\Users\Usuario\Dropbox\Fontes\ver157\ver157\vDESENV\z_plb\SCH

08/07/2024  17:07            16.645 sch.plb
08/07/2024  17:07             1.245 sch_head.plb
               2 arquivo(s)         17.890 bytes

 Pasta de C:\Users\Usuario\Dropbox\Fontes\ver157\ver157\vDESENV\z_plb\UPD

08/07/2024  17:07            17.739 upd.plb
08/07/2024  17:07             1.441 upd_head.plb
               2 arquivo(s)         19.180 bytes

 Pasta de C:\Users\Usuario\Dropbox\Fontes\ver157\ver157\vDESENV\z_plb\UPLOAD

08/07/2024  17:07             3.442 upload.plb
08/07/2024  17:07               401 upload_head.plb
               2 arquivo(s)          3.843 bytes

 Pasta de C:\Users\Usuario\Dropbox\Fontes\ver157\ver157\vDESENV\z_plb\UPQ

08/07/2024  17:07            19.055 upquery.plb
08/07/2024  17:07               723 upquery_head.plb
               2 arquivo(s)         19.778 bytes

 Pasta de C:\Users\Usuario\Dropbox\Fontes\ver157\ver157\vDESENV\z_plb\UP_REL

08/07/2024  09:25             7.941 up_rel.plb
08/07/2024  09:25               566 up_rel_head.plb
               2 arquivo(s)          8.507 bytes

     Total de Arquivos na Lista:
              39 arquivo(s)        919.101 bytes
               0 pasta(s)   143.320.801.280 bytes dispon°veis
 O volume na unidade C n∆o tem nome.
 O N£mero de SÇrie do Volume Ç 681E-D86D

 Pasta de C:\Users\Usuario\Dropbox\Fontes\ver157\ver157\vDESENV\web

08/07/2024  17:08           390.078 default-min.js
08/07/2024  17:08           200.066 html2canvas-min.js
08/07/2024  17:08            18.311 html2pdf-min.js
08/07/2024  17:08           346.912 jspdf.umd-min.js
               4 arquivo(s)        955.367 bytes

     Total de Arquivos na Lista:
               4 arquivo(s)        955.367 bytes
               0 pasta(s)   143.320.809.472 bytes dispon°veis
 O volume na unidade C n∆o tem nome.
 O N£mero de SÇrie do Volume Ç 681E-D86D

 Pasta de C:\Users\Usuario\Dropbox\Fontes\ver157\ver157\vDESENV\web

08/07/2024  17:08           139.862 default-min.css
               1 arquivo(s)        139.862 bytes

     Total de Arquivos na Lista:
               1 arquivo(s)        139.862 bytes
               0 pasta(s)   143.320.809.472 bytes dispon°veis
